13:16:19.$19 [main] INFO  testCases.TC001_AccountRegistrationTest - *** staring TC006 Remove Coupon Code In Cart Page testing ***
13:16:19.$19 [main] ERROR testCases.TC001_AccountRegistrationTest - Test Failed
13:16:19.$19 [main] INFO  testCases.TC001_AccountRegistrationTest - *** staring TC006 Remove Product From Cart testing ***
13:16:21.$21 [main] ERROR testCases.TC001_AccountRegistrationTest - Test Failed
13:16:21.$21 [main] INFO  testCases.TC001_AccountRegistrationTest - *** staring TC010 Apply Loyalty Points For Cart testing ***
13:16:22.$22 [main] ERROR testCases.TC001_AccountRegistrationTest - Test Failed
13:16:23.$23 [main] INFO  testCases.TC001_AccountRegistrationTest - *** staring TC010 Remove Loyalty Points For Cart testing ***
13:16:43.$43 [main] ERROR testCases.TC001_AccountRegistrationTest - Test Failed
15:18:33.$33 [main] INFO  testCases.TC001_AccountRegistrationTest - Clicked Country Dropdown
15:18:33.$33 [main] INFO  testCases.TC001_AccountRegistrationTest - Selected the Country
15:18:33.$33 [main] INFO  testCases.TC001_AccountRegistrationTest - Clicked on the Checkbox
15:18:39.$39 [main] INFO  testCases.TC001_AccountRegistrationTest - ***** Starting TC001_AccountRegistrationTest ******
15:18:39.$39 [main] INFO  testCases.TC001_AccountRegistrationTest - Clicked on My account button
15:18:39.$39 [main] INFO  testCases.TC001_AccountRegistrationTest - Providing customer details
15:18:41.$41 [main] INFO  testCases.TC001_AccountRegistrationTest - Validating expected message
15:18:56.$56 [main] ERROR testCases.TC001_AccountRegistrationTest - Test Failed
15:18:57.$57 [main] INFO  testCases.TC001_AccountRegistrationTest - *** staring TC002 login testing ***
15:19:01.$01 [main] ERROR testCases.TC001_AccountRegistrationTest - Test Failed
15:19:01.$01 [main] INFO  testCases.TC001_AccountRegistrationTest - *** staring TC007 PLP Add To Cart testing ***
15:19:40.$40 [main] INFO  testCases.TC001_AccountRegistrationTest - *** finished TC004 PLP Add To Cart testing ***
15:19:40.$40 [main] INFO  testCases.TC001_AccountRegistrationTest - *** staring TC004 PDP Add To Cart testing ***
15:20:28.$28 [main] INFO  testCases.TC001_AccountRegistrationTest - *** finished TC004 PDP Add To Cart testing ***
15:20:31.$31 [main] INFO  testCases.TC001_AccountRegistrationTest - *** staring TC004 PDP Add To Cart testing ***
15:21:27.$27 [main] INFO  testCases.TC001_AccountRegistrationTest - *** finished TC004 PDP Add To Cart testing ***
15:21:27.$27 [main] INFO  testCases.TC001_AccountRegistrationTest - *** staring TC009 Add To Wishlist From Minicart testing ***
15:21:29.$29 [main] INFO  testCases.TC001_AccountRegistrationTest - *** finished TC009 Add To Wishlist From Minicart testing ***
15:21:29.$29 [main] INFO  testCases.TC001_AccountRegistrationTest - *** staring TC009 Remove From The Wislist From Minicart testing ***
15:21:33.$33 [main] INFO  testCases.TC001_AccountRegistrationTest - *** finished TC009 Remove From The Wislist From Minicart testing ***
15:21:33.$33 [main] INFO  testCases.TC001_AccountRegistrationTest - *** staring TC009 Increase Product Quantity In Minicart testing ***
15:21:51.$51 [main] INFO  testCases.TC001_AccountRegistrationTest - *** finished TC009 Increase Product Quantity In Minicart testing ***
15:21:51.$51 [main] INFO  testCases.TC001_AccountRegistrationTest - *** staring TC009 Decrease Product Quantity In Minicart testing ***
15:22:04.$04 [main] INFO  testCases.TC001_AccountRegistrationTest - *** finished TC009 Decrease Product Quantity In Minicart testing ***
15:22:04.$04 [main] INFO  testCases.TC001_AccountRegistrationTest - *** staring TC009 Apply Coupon Code In Mini Cart testing ***
15:22:15.$15 [main] ERROR testCases.TC001_AccountRegistrationTest - Test Failed
15:22:15.$15 [main] INFO  testCases.TC001_AccountRegistrationTest - *** staring TC009 Remove Coupon Code In Mini Cart testing ***
15:22:30.$30 [main] ERROR testCases.TC001_AccountRegistrationTest - Test Failed
15:22:30.$30 [main] INFO  testCases.TC001_AccountRegistrationTest - *** staring TC009 Remove Coupon Code In Mini Cart testing ***
15:22:33.$33 [main] INFO  testCases.TC001_AccountRegistrationTest - *** finished TC009 Apply Coupon Code In Mini Carttesting ***
15:22:33.$33 [main] INFO  testCases.TC001_AccountRegistrationTest - *** staring TC006 Add Free Bee testing ***
15:23:35.$35 [main] ERROR testCases.TC001_AccountRegistrationTest - Test Failed
15:23:35.$35 [main] INFO  testCases.TC001_AccountRegistrationTest - *** staring TC006 Remove Free Bee testing ***
15:23:37.$37 [main] ERROR testCases.TC001_AccountRegistrationTest - Test Failed
15:23:38.$38 [main] INFO  testCases.TC001_AccountRegistrationTest - *** staring TC006 Add To Wishlist From Cart Page testing ***
15:23:45.$45 [main] INFO  testCases.TC001_AccountRegistrationTest - *** finished Add To Wishlist From Cart Page testing ***
15:23:45.$45 [main] INFO  testCases.TC001_AccountRegistrationTest - *** staring TC006 Remove From The Wislist From Cart Page testing ***
